<?xml version="1.0" encoding="UTF-8"?>
<!-- Generated by org.testng.reporters.JUnitReportReporter -->
<testsuite skipped="0" hostname="HomeTKM" name="Academy.Mavenjava.restAPITest" tests="1" failures="0" timestamp="2020-07-25T23:37:11 IST" time="0.001" errors="0">
  <testcase name="deleteTwitter" time="0.001" classname="Academy.Mavenjava.restAPITest"/>
  <system-out/>
</testsuite> <!-- Academy.Mavenjava.restAPITest -->
