<?xml version="1.0" encoding="UTF-8"?>
<!-- Generated by org.testng.reporters.JUnitReportReporter -->
<testsuite skipped="0" hostname="HomeTKM" name="Academy.Mavenjava.appiumTest" tests="2" failures="0" timestamp="2020-07-25T23:44:01 IST" time="0.013" errors="0">
  <testcase name="nativeApp" time="0.001" classname="Academy.Mavenjava.appiumTest"/>
  <system-out/>
  <testcase name="iosApp" time="0.012" classname="Academy.Mavenjava.appiumTest"/>
  <system-out/>
</testsuite> <!-- Academy.Mavenjava.appiumTest -->
