<?xml version="1.0" encoding="UTF-8"?>
<!-- Generated by org.testng.reporters.JUnitReportReporter -->
<testsuite skipped="0" hostname="HomeTKM" name="Academy.Mavenjava.seleniumTest" tests="2" failures="0" timestamp="2020-07-25T23:37:11 IST" time="0.003" errors="0">
  <testcase name="browserAutomation" time="0.001" classname="Academy.Mavenjava.seleniumTest"/>
  <system-out/>
  <testcase name="elementsUI" time="0.002" classname="Academy.Mavenjava.seleniumTest"/>
  <system-out/>
</testsuite> <!-- Academy.Mavenjava.seleniumTest -->
